2023-11-28T06:14:27+00:00 CRITICAL Uncaught TypeError: Unsupported operand types: string / string in C:\laragon\www\fancy\wp-content\themes\fancy-lab\front-page.php:81
Stack trace:
#0 C:\laragon\www\fancy\wp-includes\template-loader.php(106): include()
#1 C:\laragon\www\fancy\wp-blog-header.php(19): require_once('C:\\laragon\\www\\...')
#2 C:\laragon\www\fancy\index.php(17): require('C:\\laragon\\www\\...')
#3 {main}
  thrown in C:\laragon\www\fancy\wp-content\themes\fancy-lab\front-page.php on line 81

2023-11-28T06:15:48+00:00 CRITICAL Uncaught TypeError: Unsupported operand types: string / string in C:\laragon\www\fancy\wp-content\themes\fancy-lab\front-page.php:81
Stack trace:
#0 C:\laragon\www\fancy\wp-includes\template-loader.php(106): include()
#1 C:\laragon\www\fancy\wp-blog-header.php(19): require_once('C:\\laragon\\www\\...')
#2 C:\laragon\www\fancy\index.php(17): require('C:\\laragon\\www\\...')
#3 {main}
  thrown in C:\laragon\www\fancy\wp-content\themes\fancy-lab\front-page.php on line 81

2023-11-28T06:19:57+00:00 CRITICAL Uncaught TypeError: Unsupported operand types: string / string in C:\laragon\www\fancy\wp-content\themes\fancy-lab\front-page.php:84
Stack trace:
#0 C:\laragon\www\fancy\wp-includes\template-loader.php(106): include()
#1 C:\laragon\www\fancy\wp-blog-header.php(19): require_once('C:\\laragon\\www\\...')
#2 C:\laragon\www\fancy\index.php(17): require('C:\\laragon\\www\\...')
#3 {main}
  thrown in C:\laragon\www\fancy\wp-content\themes\fancy-lab\front-page.php on line 84

2023-11-28T06:20:42+00:00 CRITICAL Uncaught TypeError: Unsupported operand types: string / string in C:\laragon\www\fancy\wp-content\themes\fancy-lab\front-page.php:84
Stack trace:
#0 C:\laragon\www\fancy\wp-includes\template-loader.php(106): include()
#1 C:\laragon\www\fancy\wp-blog-header.php(19): require_once('C:\\laragon\\www\\...')
#2 C:\laragon\www\fancy\index.php(17): require('C:\\laragon\\www\\...')
#3 {main}
  thrown in C:\laragon\www\fancy\wp-content\themes\fancy-lab\front-page.php on line 84

2023-11-28T06:20:48+00:00 CRITICAL Uncaught TypeError: Unsupported operand types: string / string in C:\laragon\www\fancy\wp-content\themes\fancy-lab\front-page.php:84
Stack trace:
#0 C:\laragon\www\fancy\wp-includes\template-loader.php(106): include()
#1 C:\laragon\www\fancy\wp-blog-header.php(19): require_once('C:\\laragon\\www\\...')
#2 C:\laragon\www\fancy\index.php(17): require('C:\\laragon\\www\\...')
#3 {main}
  thrown in C:\laragon\www\fancy\wp-content\themes\fancy-lab\front-page.php on line 84

2023-11-28T06:21:27+00:00 CRITICAL Uncaught TypeError: Unsupported operand types: string / string in C:\laragon\www\fancy\wp-content\themes\fancy-lab\front-page.php:81
Stack trace:
#0 C:\laragon\www\fancy\wp-includes\template-loader.php(106): include()
#1 C:\laragon\www\fancy\wp-blog-header.php(19): require_once('C:\\laragon\\www\\...')
#2 C:\laragon\www\fancy\index.php(17): require('C:\\laragon\\www\\...')
#3 {main}
  thrown in C:\laragon\www\fancy\wp-content\themes\fancy-lab\front-page.php on line 81

2023-11-28T06:21:45+00:00 CRITICAL Uncaught TypeError: Unsupported operand types: string / string in C:\laragon\www\fancy\wp-content\themes\fancy-lab\front-page.php:81
Stack trace:
#0 C:\laragon\www\fancy\wp-includes\template-loader.php(106): include()
#1 C:\laragon\www\fancy\wp-blog-header.php(19): require_once('C:\\laragon\\www\\...')
#2 C:\laragon\www\fancy\index.php(17): require('C:\\laragon\\www\\...')
#3 {main}
  thrown in C:\laragon\www\fancy\wp-content\themes\fancy-lab\front-page.php on line 81

2023-11-28T06:22:26+00:00 CRITICAL Uncaught TypeError: Unsupported operand types: string / string in C:\laragon\www\fancy\wp-content\themes\fancy-lab\front-page.php:81
Stack trace:
#0 C:\laragon\www\fancy\wp-includes\template-loader.php(106): include()
#1 C:\laragon\www\fancy\wp-blog-header.php(19): require_once('C:\\laragon\\www\\...')
#2 C:\laragon\www\fancy\index.php(17): require('C:\\laragon\\www\\...')
#3 {main}
  thrown in C:\laragon\www\fancy\wp-content\themes\fancy-lab\front-page.php on line 81

2023-11-28T06:23:20+00:00 CRITICAL Uncaught TypeError: Unsupported operand types: string / string in C:\laragon\www\fancy\wp-content\themes\fancy-lab\front-page.php:81
Stack trace:
#0 C:\laragon\www\fancy\wp-includes\template-loader.php(106): include()
#1 C:\laragon\www\fancy\wp-blog-header.php(19): require_once('C:\\laragon\\www\\...')
#2 C:\laragon\www\fancy\index.php(17): require('C:\\laragon\\www\\...')
#3 {main}
  thrown in C:\laragon\www\fancy\wp-content\themes\fancy-lab\front-page.php on line 81

2023-11-28T06:23:24+00:00 CRITICAL Uncaught TypeError: Unsupported operand types: string / string in C:\laragon\www\fancy\wp-content\themes\fancy-lab\front-page.php:81
Stack trace:
#0 C:\laragon\www\fancy\wp-includes\template-loader.php(106): include()
#1 C:\laragon\www\fancy\wp-blog-header.php(19): require_once('C:\\laragon\\www\\...')
#2 C:\laragon\www\fancy\index.php(17): require('C:\\laragon\\www\\...')
#3 {main}
  thrown in C:\laragon\www\fancy\wp-content\themes\fancy-lab\front-page.php on line 81

2023-11-28T06:23:26+00:00 CRITICAL Uncaught TypeError: Unsupported operand types: string / string in C:\laragon\www\fancy\wp-content\themes\fancy-lab\front-page.php:81
Stack trace:
#0 C:\laragon\www\fancy\wp-includes\template-loader.php(106): include()
#1 C:\laragon\www\fancy\wp-blog-header.php(19): require_once('C:\\laragon\\www\\...')
#2 C:\laragon\www\fancy\index.php(17): require('C:\\laragon\\www\\...')
#3 {main}
  thrown in C:\laragon\www\fancy\wp-content\themes\fancy-lab\front-page.php on line 81

2023-11-28T06:24:15+00:00 CRITICAL Uncaught TypeError: Unsupported operand types: string / string in C:\laragon\www\fancy\wp-content\themes\fancy-lab\front-page.php:81
Stack trace:
#0 C:\laragon\www\fancy\wp-includes\template-loader.php(106): include()
#1 C:\laragon\www\fancy\wp-blog-header.php(19): require_once('C:\\laragon\\www\\...')
#2 C:\laragon\www\fancy\index.php(17): require('C:\\laragon\\www\\...')
#3 {main}
  thrown in C:\laragon\www\fancy\wp-content\themes\fancy-lab\front-page.php on line 81

2023-11-28T06:25:25+00:00 CRITICAL Uncaught TypeError: Unsupported operand types: string / string in C:\laragon\www\fancy\wp-content\themes\fancy-lab\front-page.php:81
Stack trace:
#0 C:\laragon\www\fancy\wp-includes\template-loader.php(106): include()
#1 C:\laragon\www\fancy\wp-blog-header.php(19): require_once('C:\\laragon\\www\\...')
#2 C:\laragon\www\fancy\index.php(17): require('C:\\laragon\\www\\...')
#3 {main}
  thrown in C:\laragon\www\fancy\wp-content\themes\fancy-lab\front-page.php on line 81

2023-11-28T06:25:30+00:00 CRITICAL Uncaught TypeError: Unsupported operand types: string / string in C:\laragon\www\fancy\wp-content\themes\fancy-lab\front-page.php:81
Stack trace:
#0 C:\laragon\www\fancy\wp-includes\template-loader.php(106): include()
#1 C:\laragon\www\fancy\wp-blog-header.php(19): require_once('C:\\laragon\\www\\...')
#2 C:\laragon\www\fancy\index.php(17): require('C:\\laragon\\www\\...')
#3 {main}
  thrown in C:\laragon\www\fancy\wp-content\themes\fancy-lab\front-page.php on line 81

2023-11-28T06:26:45+00:00 CRITICAL Uncaught TypeError: Unsupported operand types: string / string in C:\laragon\www\fancy\wp-content\themes\fancy-lab\front-page.php:81
Stack trace:
#0 C:\laragon\www\fancy\wp-includes\template-loader.php(106): include()
#1 C:\laragon\www\fancy\wp-blog-header.php(19): require_once('C:\\laragon\\www\\...')
#2 C:\laragon\www\fancy\index.php(17): require('C:\\laragon\\www\\...')
#3 {main}
  thrown in C:\laragon\www\fancy\wp-content\themes\fancy-lab\front-page.php on line 81

2023-11-28T06:26:51+00:00 CRITICAL Uncaught TypeError: Unsupported operand types: string / string in C:\laragon\www\fancy\wp-content\themes\fancy-lab\front-page.php:81
Stack trace:
#0 C:\laragon\www\fancy\wp-includes\template-loader.php(106): include()
#1 C:\laragon\www\fancy\wp-blog-header.php(19): require_once('C:\\laragon\\www\\...')
#2 C:\laragon\www\fancy\index.php(17): require('C:\\laragon\\www\\...')
#3 {main}
  thrown in C:\laragon\www\fancy\wp-content\themes\fancy-lab\front-page.php on line 81

2023-11-28T06:27:27+00:00 CRITICAL Uncaught TypeError: Unsupported operand types: string / string in C:\laragon\www\fancy\wp-content\themes\fancy-lab\front-page.php:81
Stack trace:
#0 C:\laragon\www\fancy\wp-includes\template-loader.php(106): include()
#1 C:\laragon\www\fancy\wp-blog-header.php(19): require_once('C:\\laragon\\www\\...')
#2 C:\laragon\www\fancy\index.php(17): require('C:\\laragon\\www\\...')
#3 {main}
  thrown in C:\laragon\www\fancy\wp-content\themes\fancy-lab\front-page.php on line 81

2023-11-28T07:29:33+00:00 CRITICAL Uncaught Error: Undefined constant "console" in C:\laragon\www\fancy\wp-content\themes\fancy-lab\front-page.php:78
Stack trace:
#0 C:\laragon\www\fancy\wp-includes\template-loader.php(106): include()
#1 C:\laragon\www\fancy\wp-blog-header.php(19): require_once('C:\\laragon\\www\\...')
#2 C:\laragon\www\fancy\index.php(17): require('C:\\laragon\\www\\...')
#3 {main}
  thrown in C:\laragon\www\fancy\wp-content\themes\fancy-lab\front-page.php on line 78

2023-11-28T10:01:37+00:00 CRITICAL Uncaught Error: Call to undefined function the_post_thumbanil() in C:\laragon\www\fancy\wp-content\themes\fancy-lab\index.php:20
Stack trace:
#0 C:\laragon\www\fancy\wp-includes\template-loader.php(106): include()
#1 C:\laragon\www\fancy\wp-blog-header.php(19): require_once('C:\\laragon\\www\\...')
#2 C:\laragon\www\fancy\index.php(17): require('C:\\laragon\\www\\...')
#3 {main}
  thrown in C:\laragon\www\fancy\wp-content\themes\fancy-lab\index.php on line 20

